http://resultados-elecciones.rtve.es/multimedia/xml/2011/ES/RESULTADOS/2011-M-RESULTADOS-comunitat-valenciana-valencia-rafelbunol-rafelbunyol-DATOS-ES.xml
http://resultados-elecciones.rtve.es/multimedia/xml/2011/ES/PARTICIPACION/2011-M-PARTICIPACION-comunitat-valenciana-valencia-rafelbunol-rafelbunyol-DATOS-ES.xml
http://resultados-elecciones.rtve.es/multimedia/xml/2011/ES/RESULTADOS/2011-M-RESULTADOS-comunitat-valenciana-valencia-rafelcofer-DATOS-ES.xml
http://resultados-elecciones.rtve.es/multimedia/xml/2011/ES/PARTICIPACION/2011-M-PARTICIPACION-comunitat-valenciana-valencia-rafelcofer-DATOS-ES.xml
http://resultados-elecciones.rtve.es/multimedia/xml/2011/ES/RESULTADOS/2011-M-RESULTADOS-comunitat-valenciana-valencia-rafelguaraf-DATOS-ES.xml
http://resultados-elecciones.rtve.es/multimedia/xml/2011/ES/PARTICIPACION/2011-M-PARTICIPACION-comunitat-valenciana-valencia-rafelguaraf-DATOS-ES.xml
http://resultados-elecciones.rtve.es/multimedia/xml/2011/ES/RESULTADOS/2011-M-RESULTADOS-comunitat-valenciana-valencia-rafol-de-salem-DATOS-ES.xml
http://resultados-elecciones.rtve.es/multimedia/xml/2011/ES/PARTICIPACION/2011-M-PARTICIPACION-comunitat-valenciana-valencia-rafol-de-salem-DATOS-ES.xml
http://resultados-elecciones.rtve.es/multimedia/xml/2011/ES/RESULTADOS/2011-M-RESULTADOS-comunitat-valenciana-valencia-real-de-gandia-DATOS-ES.xml
http://resultados-elecciones.rtve.es/multimedia/xml/2011/ES/PARTICIPACION/2011-M-PARTICIPACION-comunitat-valenciana-valencia-real-de-gandia-DATOS-ES.xml
http://resultados-elecciones.rtve.es/multimedia/xml/2011/ES/RESULTADOS/2011-M-RESULTADOS-comunitat-valenciana-valencia-real-DATOS-ES.xml
http://resultados-elecciones.rtve.es/multimedia/xml/2011/ES/PARTICIPACION/2011-M-PARTICIPACION-comunitat-valenciana-valencia-real-DATOS-ES.xml
http://resultados-elecciones.rtve.es/multimedia/xml/2011/ES/RESULTADOS/2011-M-RESULTADOS-comunitat-valenciana-valencia-requena-DATOS-ES.xml
http://resultados-elecciones.rtve.es/multimedia/xml/2011/ES/PARTICIPACION/2011-M-PARTICIPACION-comunitat-valenciana-valencia-requena-DATOS-ES.xml
http://resultados-elecciones.rtve.es/multimedia/xml/2011/ES/RESULTADOS/2011-M-RESULTADOS-comunitat-valenciana-valencia-riba-roja-de-turia-DATOS-ES.xml
http://resultados-elecciones.rtve.es/multimedia/xml/2011/ES/PARTICIPACION/2011-M-PARTICIPACION-comunitat-valenciana-valencia-riba-roja-de-turia-DATOS-ES.xml
http://resultados-elecciones.rtve.es/multimedia/xml/2011/ES/RESULTADOS/2011-M-RESULTADOS-comunitat-valenciana-valencia-riola-DATOS-ES.xml
http://resultados-elecciones.rtve.es/multimedia/xml/2011/ES/PARTICIPACION/2011-M-PARTICIPACION-comunitat-valenciana-valencia-riola-DATOS-ES.xml
http://resultados-elecciones.rtve.es/multimedia/xml/2011/ES/RESULTADOS/2011-M-RESULTADOS-comunitat-valenciana-valencia-rocafort-DATOS-ES.xml
http://resultados-elecciones.rtve.es/multimedia/xml/2011/ES/PARTICIPACION/2011-M-PARTICIPACION-comunitat-valenciana-valencia-rocafort-DATOS-ES.xml
http://resultados-elecciones.rtve.es/multimedia/xml/2011/ES/RESULTADOS/2011-M-RESULTADOS-comunitat-valenciana-valencia-rotgla-i-corbera-DATOS-ES.xml
http://resultados-elecciones.rtve.es/multimedia/xml/2011/ES/PARTICIPACION/2011-M-PARTICIPACION-comunitat-valenciana-valencia-rotgla-i-corbera-DATOS-ES.xml
http://resultados-elecciones.rtve.es/multimedia/xml/2011/ES/RESULTADOS/2011-M-RESULTADOS-comunitat-valenciana-valencia-rotova-DATOS-ES.xml
http://resultados-elecciones.rtve.es/multimedia/xml/2011/ES/PARTICIPACION/2011-M-PARTICIPACION-comunitat-valenciana-valencia-rotova-DATOS-ES.xml
http://resultados-elecciones.rtve.es/multimedia/xml/2011/ES/RESULTADOS/2011-M-RESULTADOS-comunitat-valenciana-valencia-rugat-DATOS-ES.xml
http://resultados-elecciones.rtve.es/multimedia/xml/2011/ES/PARTICIPACION/2011-M-PARTICIPACION-comunitat-valenciana-valencia-rugat-DATOS-ES.xml
http://resultados-elecciones.rtve.es/multimedia/xml/2011/ES/RESULTADOS/2011-M-RESULTADOS-comunitat-valenciana-valencia-sagunto-sagunt-DATOS-ES.xml
http://resultados-elecciones.rtve.es/multimedia/xml/2011/ES/PARTICIPACION/2011-M-PARTICIPACION-comunitat-valenciana-valencia-sagunto-sagunt-DATOS-ES.xml
http://resultados-elecciones.rtve.es/multimedia/xml/2011/ES/RESULTADOS/2011-M-RESULTADOS-comunitat-valenciana-valencia-salem-DATOS-ES.xml
http://resultados-elecciones.rtve.es/multimedia/xml/2011/ES/PARTICIPACION/2011-M-PARTICIPACION-comunitat-valenciana-valencia-salem-DATOS-ES.xml
http://resultados-elecciones.rtve.es/multimedia/xml/2011/ES/RESULTADOS/2011-M-RESULTADOS-comunitat-valenciana-valencia-sant-joanet-DATOS-ES.xml
http://resultados-elecciones.rtve.es/multimedia/xml/2011/ES/PARTICIPACION/2011-M-PARTICIPACION-comunitat-valenciana-valencia-sant-joanet-DATOS-ES.xml
http://resultados-elecciones.rtve.es/multimedia/xml/2011/ES/RESULTADOS/2011-M-RESULTADOS-comunitat-valenciana-valencia-sedavi-DATOS-ES.xml
http://resultados-elecciones.rtve.es/multimedia/xml/2011/ES/PARTICIPACION/2011-M-PARTICIPACION-comunitat-valenciana-valencia-sedavi-DATOS-ES.xml
http://resultados-elecciones.rtve.es/multimedia/xml/2011/ES/RESULTADOS/2011-M-RESULTADOS-comunitat-valenciana-valencia-segart-DATOS-ES.xml
http://resultados-elecciones.rtve.es/multimedia/xml/2011/ES/PARTICIPACION/2011-M-PARTICIPACION-comunitat-valenciana-valencia-segart-DATOS-ES.xml
http://resultados-elecciones.rtve.es/multimedia/xml/2011/ES/RESULTADOS/2011-M-RESULTADOS-comunitat-valenciana-valencia-sellent-DATOS-ES.xml
http://resultados-elecciones.rtve.es/multimedia/xml/2011/ES/PARTICIPACION/2011-M-PARTICIPACION-comunitat-valenciana-valencia-sellent-DATOS-ES.xml
http://resultados-elecciones.rtve.es/multimedia/xml/2011/ES/RESULTADOS/2011-M-RESULTADOS-comunitat-valenciana-valencia-sempere-DATOS-ES.xml
http://resultados-elecciones.rtve.es/multimedia/xml/2011/ES/PARTICIPACION/2011-M-PARTICIPACION-comunitat-valenciana-valencia-sempere-DATOS-ES.xml
http://resultados-elecciones.rtve.es/multimedia/xml/2011/ES/RESULTADOS/2011-M-RESULTADOS-comunitat-valenciana-valencia-senyera-DATOS-ES.xml
http://resultados-elecciones.rtve.es/multimedia/xml/2011/ES/PARTICIPACION/2011-M-PARTICIPACION-comunitat-valenciana-valencia-senyera-DATOS-ES.xml
http://resultados-elecciones.rtve.es/multimedia/xml/2011/ES/RESULTADOS/2011-M-RESULTADOS-comunitat-valenciana-valencia-serra-DATOS-ES.xml
http://resultados-elecciones.rtve.es/multimedia/xml/2011/ES/PARTICIPACION/2011-M-PARTICIPACION-comunitat-valenciana-valencia-serra-DATOS-ES.xml
http://resultados-elecciones.rtve.es/multimedia/xml/2011/ES/RESULTADOS/2011-M-RESULTADOS-comunitat-valenciana-valencia-siete-aguas-DATOS-ES.xml
http://resultados-elecciones.rtve.es/multimedia/xml/2011/ES/PARTICIPACION/2011-M-PARTICIPACION-comunitat-valenciana-valencia-siete-aguas-DATOS-ES.xml
http://resultados-elecciones.rtve.es/multimedia/xml/2011/ES/RESULTADOS/2011-M-RESULTADOS-comunitat-valenciana-valencia-silla-DATOS-ES.xml
http://resultados-elecciones.rtve.es/multimedia/xml/2011/ES/PARTICIPACION/2011-M-PARTICIPACION-comunitat-valenciana-valencia-silla-DATOS-ES.xml
http://resultados-elecciones.rtve.es/multimedia/xml/2011/ES/RESULTADOS/2011-M-RESULTADOS-comunitat-valenciana-valencia-simat-de-la-valldigna-DATOS-ES.xml
http://resultados-elecciones.rtve.es/multimedia/xml/2011/ES/PARTICIPACION/2011-M-PARTICIPACION-comunitat-valenciana-valencia-simat-de-la-valldigna-DATOS-ES.xml
http://resultados-elecciones.rtve.es/multimedia/xml/2011/ES/RESULTADOS/2011-M-RESULTADOS-comunitat-valenciana-valencia-sinarcas-DATOS-ES.xml
http://resultados-elecciones.rtve.es/multimedia/xml/2011/ES/PARTICIPACION/2011-M-PARTICIPACION-comunitat-valenciana-valencia-sinarcas-DATOS-ES.xml
http://resultados-elecciones.rtve.es/multimedia/xml/2011/ES/RESULTADOS/2011-M-RESULTADOS-comunitat-valenciana-valencia-sollana-DATOS-ES.xml
http://resultados-elecciones.rtve.es/multimedia/xml/2011/ES/PARTICIPACION/2011-M-PARTICIPACION-comunitat-valenciana-valencia-sollana-DATOS-ES.xml
http://resultados-elecciones.rtve.es/multimedia/xml/2011/ES/RESULTADOS/2011-M-RESULTADOS-comunitat-valenciana-valencia-sot-de-chera-DATOS-ES.xml
http://resultados-elecciones.rtve.es/multimedia/xml/2011/ES/PARTICIPACION/2011-M-PARTICIPACION-comunitat-valenciana-valencia-sot-de-chera-DATOS-ES.xml
http://resultados-elecciones.rtve.es/multimedia/xml/2011/ES/RESULTADOS/2011-M-RESULTADOS-comunitat-valenciana-valencia-sueca-DATOS-ES.xml
http://resultados-elecciones.rtve.es/multimedia/xml/2011/ES/PARTICIPACION/2011-M-PARTICIPACION-comunitat-valenciana-valencia-sueca-DATOS-ES.xml
http://resultados-elecciones.rtve.es/multimedia/xml/2011/ES/RESULTADOS/2011-M-RESULTADOS-comunitat-valenciana-valencia-sumacarcer-DATOS-ES.xml
http://resultados-elecciones.rtve.es/multimedia/xml/2011/ES/PARTICIPACION/2011-M-PARTICIPACION-comunitat-valenciana-valencia-sumacarcer-DATOS-ES.xml
http://resultados-elecciones.rtve.es/multimedia/xml/2011/ES/RESULTADOS/2011-M-RESULTADOS-comunitat-valenciana-valencia-tavernes-blanques-DATOS-ES.xml
http://resultados-elecciones.rtve.es/multimedia/xml/2011/ES/PARTICIPACION/2011-M-PARTICIPACION-comunitat-valenciana-valencia-tavernes-blanques-DATOS-ES.xml
http://resultados-elecciones.rtve.es/multimedia/xml/2011/ES/RESULTADOS/2011-M-RESULTADOS-comunitat-valenciana-valencia-tavernes-de-la-valldigna-DATOS-ES.xml
http://resultados-elecciones.rtve.es/multimedia/xml/2011/ES/PARTICIPACION/2011-M-PARTICIPACION-comunitat-valenciana-valencia-tavernes-de-la-valldigna-DATOS-ES.xml
http://resultados-elecciones.rtve.es/multimedia/xml/2011/ES/RESULTADOS/2011-M-RESULTADOS-comunitat-valenciana-valencia-teresa-de-cofrentes-DATOS-ES.xml
http://resultados-elecciones.rtve.es/multimedia/xml/2011/ES/PARTICIPACION/2011-M-PARTICIPACION-comunitat-valenciana-valencia-teresa-de-cofrentes-DATOS-ES.xml
http://resultados-elecciones.rtve.es/multimedia/xml/2011/ES/RESULTADOS/2011-M-RESULTADOS-comunitat-valenciana-valencia-terrateig-DATOS-ES.xml
http://resultados-elecciones.rtve.es/multimedia/xml/2011/ES/PARTICIPACION/2011-M-PARTICIPACION-comunitat-valenciana-valencia-terrateig-DATOS-ES.xml
http://resultados-elecciones.rtve.es/multimedia/xml/2011/ES/RESULTADOS/2011-M-RESULTADOS-comunitat-valenciana-valencia-titaguas-DATOS-ES.xml
http://resultados-elecciones.rtve.es/multimedia/xml/2011/ES/PARTICIPACION/2011-M-PARTICIPACION-comunitat-valenciana-valencia-titaguas-DATOS-ES.xml
http://resultados-elecciones.rtve.es/multimedia/xml/2011/ES/RESULTADOS/2011-M-RESULTADOS-comunitat-valenciana-valencia-torrebaja-DATOS-ES.xml
http://resultados-elecciones.rtve.es/multimedia/xml/2011/ES/PARTICIPACION/2011-M-PARTICIPACION-comunitat-valenciana-valencia-torrebaja-DATOS-ES.xml
http://resultados-elecciones.rtve.es/multimedia/xml/2011/ES/RESULTADOS/2011-M-RESULTADOS-comunitat-valenciana-valencia-torrella-DATOS-ES.xml
http://resultados-elecciones.rtve.es/multimedia/xml/2011/ES/PARTICIPACION/2011-M-PARTICIPACION-comunitat-valenciana-valencia-torrella-DATOS-ES.xml
http://resultados-elecciones.rtve.es/multimedia/xml/2011/ES/RESULTADOS/2011-M-RESULTADOS-comunitat-valenciana-valencia-torrent-DATOS-ES.xml
http://resultados-elecciones.rtve.es/multimedia/xml/2011/ES/PARTICIPACION/2011-M-PARTICIPACION-comunitat-valenciana-valencia-torrent-DATOS-ES.xml
http://resultados-elecciones.rtve.es/multimedia/xml/2011/ES/RESULTADOS/2011-M-RESULTADOS-comunitat-valenciana-valencia-torres-torres-DATOS-ES.xml
http://resultados-elecciones.rtve.es/multimedia/xml/2011/ES/PARTICIPACION/2011-M-PARTICIPACION-comunitat-valenciana-valencia-torres-torres-DATOS-ES.xml
http://resultados-elecciones.rtve.es/multimedia/xml/2011/ES/RESULTADOS/2011-M-RESULTADOS-comunitat-valenciana-valencia-tous-DATOS-ES.xml
http://resultados-elecciones.rtve.es/multimedia/xml/2011/ES/PARTICIPACION/2011-M-PARTICIPACION-comunitat-valenciana-valencia-tous-DATOS-ES.xml
http://resultados-elecciones.rtve.es/multimedia/xml/2011/ES/RESULTADOS/2011-M-RESULTADOS-comunitat-valenciana-valencia-tuejar-DATOS-ES.xml
http://resultados-elecciones.rtve.es/multimedia/xml/2011/ES/PARTICIPACION/2011-M-PARTICIPACION-comunitat-valenciana-valencia-tuejar-DATOS-ES.xml
http://resultados-elecciones.rtve.es/multimedia/xml/2011/ES/RESULTADOS/2011-M-RESULTADOS-comunitat-valenciana-valencia-turis-DATOS-ES.xml
http://resultados-elecciones.rtve.es/multimedia/xml/2011/ES/PARTICIPACION/2011-M-PARTICIPACION-comunitat-valenciana-valencia-turis-DATOS-ES.xml
http://resultados-elecciones.rtve.es/multimedia/xml/2011/ES/RESULTADOS/2011-M-RESULTADOS-comunitat-valenciana-valencia-utiel-DATOS-ES.xml
http://resultados-elecciones.rtve.es/multimedia/xml/2011/ES/PARTICIPACION/2011-M-PARTICIPACION-comunitat-valenciana-valencia-utiel-DATOS-ES.xml
http://resultados-elecciones.rtve.es/multimedia/xml/2011/ES/RESULTADOS/2011-M-RESULTADOS-comunitat-valenciana-valencia-valencia-DATOS-ES.xml
http://resultados-elecciones.rtve.es/multimedia/xml/2011/ES/PARTICIPACION/2011-M-PARTICIPACION-comunitat-valenciana-valencia-valencia-DATOS-ES.xml
http://resultados-elecciones.rtve.es/multimedia/xml/2011/ES/RESULTADOS/2011-M-RESULTADOS-comunitat-valenciana-valencia-vallada-DATOS-ES.xml
http://resultados-elecciones.rtve.es/multimedia/xml/2011/ES/PARTICIPACION/2011-M-PARTICIPACION-comunitat-valenciana-valencia-vallada-DATOS-ES.xml
http://resultados-elecciones.rtve.es/multimedia/xml/2011/ES/RESULTADOS/2011-M-RESULTADOS-comunitat-valenciana-valencia-vallanca-DATOS-ES.xml
http://resultados-elecciones.rtve.es/multimedia/xml/2011/ES/PARTICIPACION/2011-M-PARTICIPACION-comunitat-valenciana-valencia-vallanca-DATOS-ES.xml
http://resultados-elecciones.rtve.es/multimedia/xml/2011/ES/RESULTADOS/2011-M-RESULTADOS-comunitat-valenciana-valencia-valles-DATOS-ES.xml
http://resultados-elecciones.rtve.es/multimedia/xml/2011/ES/PARTICIPACION/2011-M-PARTICIPACION-comunitat-valenciana-valencia-valles-DATOS-ES.xml
http://resultados-elecciones.rtve.es/multimedia/xml/2011/ES/RESULTADOS/2011-M-RESULTADOS-comunitat-valenciana-valencia-venta-del-moro-DATOS-ES.xml
http://resultados-elecciones.rtve.es/multimedia/xml/2011/ES/PARTICIPACION/2011-M-PARTICIPACION-comunitat-valenciana-valencia-venta-del-moro-DATOS-ES.xml
http://resultados-elecciones.rtve.es/multimedia/xml/2011/ES/RESULTADOS/2011-M-RESULTADOS-comunitat-valenciana-valencia-villalonga-DATOS-ES.xml
http://resultados-elecciones.rtve.es/multimedia/xml/2011/ES/PARTICIPACION/2011-M-PARTICIPACION-comunitat-valenciana-valencia-villalonga-DATOS-ES.xml
http://resultados-elecciones.rtve.es/multimedia/xml/2011/ES/RESULTADOS/2011-M-RESULTADOS-comunitat-valenciana-valencia-vilamarxant-DATOS-ES.xml
http://resultados-elecciones.rtve.es/multimedia/xml/2011/ES/PARTICIPACION/2011-M-PARTICIPACION-comunitat-valenciana-valencia-vilamarxant-DATOS-ES.xml
http://resultados-elecciones.rtve.es/multimedia/xml/2011/ES/RESULTADOS/2011-M-RESULTADOS-comunitat-valenciana-valencia-villanueva-de-castellon-DATOS-ES.xml
http://resultados-elecciones.rtve.es/multimedia/xml/2011/ES/PARTICIPACION/2011-M-PARTICIPACION-comunitat-valenciana-valencia-villanueva-de-castellon-DATOS-ES.xml
http://resultados-elecciones.rtve.es/multimedia/xml/2011/ES/RESULTADOS/2011-M-RESULTADOS-comunitat-valenciana-valencia-villar-del-arzobispo-DATOS-ES.xml
http://resultados-elecciones.rtve.es/multimedia/xml/2011/ES/PARTICIPACION/2011-M-PARTICIPACION-comunitat-valenciana-valencia-villar-del-arzobispo-DATOS-ES.xml
http://resultados-elecciones.rtve.es/multimedia/xml/2011/ES/RESULTADOS/2011-M-RESULTADOS-comunitat-valenciana-valencia-villargordo-del-cabriel-DATOS-ES.xml
http://resultados-elecciones.rtve.es/multimedia/xml/2011/ES/PARTICIPACION/2011-M-PARTICIPACION-comunitat-valenciana-valencia-villargordo-del-cabriel-DATOS-ES.xml
http://resultados-elecciones.rtve.es/multimedia/xml/2011/ES/RESULTADOS/2011-M-RESULTADOS-comunitat-valenciana-valencia-vinalesa-DATOS-ES.xml
http://resultados-elecciones.rtve.es/multimedia/xml/2011/ES/PARTICIPACION/2011-M-PARTICIPACION-comunitat-valenciana-valencia-vinalesa-DATOS-ES.xml
http://resultados-elecciones.rtve.es/multimedia/xml/2011/ES/RESULTADOS/2011-M-RESULTADOS-comunitat-valenciana-valencia-yatova-DATOS-ES.xml
http://resultados-elecciones.rtve.es/multimedia/xml/2011/ES/PARTICIPACION/2011-M-PARTICIPACION-comunitat-valenciana-valencia-yatova-DATOS-ES.xml
http://resultados-elecciones.rtve.es/multimedia/xml/2011/ES/RESULTADOS/2011-M-RESULTADOS-comunitat-valenciana-valencia-yesa-la-DATOS-ES.xml
http://resultados-elecciones.rtve.es/multimedia/xml/2011/ES/PARTICIPACION/2011-M-PARTICIPACION-comunitat-valenciana-valencia-yesa-la-DATOS-ES.xml
http://resultados-elecciones.rtve.es/multimedia/xml/2011/ES/RESULTADOS/2011-M-RESULTADOS-comunitat-valenciana-valencia-zarra-DATOS-ES.xml
http://resultados-elecciones.rtve.es/multimedia/xml/2011/ES/PARTICIPACION/2011-M-PARTICIPACION-comunitat-valenciana-valencia-zarra-DATOS-ES.xml
http://resultados-elecciones.rtve.es/multimedia/xml/2011/ES/RESULTADOS/2011-M-RESULTADOS-comunitat-valenciana-valencia-gatova-DATOS-ES.xml
http://resultados-elecciones.rtve.es/multimedia/xml/2011/ES/PARTICIPACION/2011-M-PARTICIPACION-comunitat-valenciana-valencia-gatova-DATOS-ES.xml
http://resultados-elecciones.rtve.es/multimedia/xml/2011/ES/RESULTADOS/2011-M-RESULTADOS-comunitat-valenciana-valencia-san-antonio-de-benageber-DATOS-ES.xml
http://resultados-elecciones.rtve.es/multimedia/xml/2011/ES/PARTICIPACION/2011-M-PARTICIPACION-comunitat-valenciana-valencia-san-antonio-de-benageber-DATOS-ES.xml
http://resultados-elecciones.rtve.es/multimedia/xml/2011/ES/RESULTADOS/2011-M-RESULTADOS-comunitat-valenciana-valencia-benicull-de-xuquer-DATOS-ES.xml
http://resultados-elecciones.rtve.es/multimedia/xml/2011/ES/PARTICIPACION/2011-M-PARTICIPACION-comunitat-valenciana-valencia-benicull-de-xuquer-DATOS-ES.xml
http://resultados-elecciones.rtve.es/multimedia/xml/2011/ES/RESULTADOS/2011-M-RESULTADOS-ceuta-ceuta-ceuta-DATOS-ES.xml
http://resultados-elecciones.rtve.es/multimedia/xml/2011/ES/PARTICIPACION/2011-M-PARTICIPACION-ceuta-ceuta-ceuta-DATOS-ES.xml
http://resultados-elecciones.rtve.es/multimedia/xml/2011/ES/RESULTADOS/2011-M-RESULTADOS-melilla-melilla-melilla-DATOS-ES.xml
http://resultados-elecciones.rtve.es/multimedia/xml/2011/ES/PARTICIPACION/2011-M-PARTICIPACION-melilla-melilla-melilla-DATOS-ES.xml
